<?xml version="1.0" encoding="UTF-8"?>
<!-- Generated by org.testng.reporters.JUnitReportReporter -->
<testsuite skipped="0" hostname="DESKTOP-V9L93QR" name="MercuryTours.FunctionalTestingInChrome" tests="2" failures="0" timestamp="03 Jun 2020 06:45:34 GMT" time="134.605" errors="0">
  <testcase name="signIn" time="1.881" classname="MercuryTours.FunctionalTestingInChrome"/>
  <testcase name="signIn" time="132.724" classname="MercuryTours.FunctionalTestingInChrome"/>
</testsuite> <!-- MercuryTours.FunctionalTestingInChrome -->
