<?xml version="1.0" encoding="UTF-8"?>
<!-- Generated by org.testng.reporters.JUnitReportReporter -->
<testsuite skipped="0" hostname="DESKTOP-V9L93QR" name="MercuryTours.FunctionalTestingInFF" tests="2" failures="0" timestamp="03 Jun 2020 06:45:34 GMT" time="7.608" errors="0">
  <testcase name="signIn" time="5.398" classname="MercuryTours.FunctionalTestingInFF"/>
  <testcase name="signIn" time="2.210" classname="MercuryTours.FunctionalTestingInFF"/>
</testsuite> <!-- MercuryTours.FunctionalTestingInFF -->
