<?xml version="1.0" encoding="UTF-8"?>
<!-- Generated by org.testng.reporters.JUnitReportReporter -->
<testsuite skipped="0" hostname="DESKTOP-V9L93QR" name="MercuryTours.FunctionalTestingInChrome" tests="2" failures="0" timestamp="03 Jun 2020 00:55:32 GMT" time="9.523" errors="0">
  <testcase name="signIn" time="2.456" classname="MercuryTours.FunctionalTestingInChrome"/>
  <testcase name="signIn" time="7.067" classname="MercuryTours.FunctionalTestingInChrome"/>
</testsuite> <!-- MercuryTours.FunctionalTestingInChrome -->
